# JRE version: Java(TM) SE Runtime Environment (18.0.2+9) (build 18.0.2+9-61)
# Java VM: Java HotSpot(TM) 64-Bit Server VM (18.0.2+9-61, mixed mode, sharing, tiered, compressed oops, compressed class ptrs, g1 gc, windows-amd64)
GC Precious Log:
 CardTable entry size: 512
 Card Set container configuration: InlinePtr #cards 5 size 8 Array Of Cards #cards 12 size 40 Howl #buckets 4 coarsen threshold 1843 Howl Bitmap #cards 512 size 80 coarsen threshold 460 Card regions per heap region 1 cards per card region 2048
 CPUs: 12 total, 12 available
 Memory: 16234M
 Large Page Support: Disabled
 NUMA Support: Disabled
 Compressed Oops: Enabled (32-bit)
 Heap Region Size: 1M
 Heap Min Capacity: 8M
 Heap Initial Capacity: 254M
 Heap Max Capacity: 2G
 Pre-touch: Disabled
 Parallel Workers: 10
 Concurrent Workers: 3
 Concurrent Refinement Workers: 10
 Periodic GC: Disabled
Heap:
 garbage-first heap   total 317440K, used 191930K [0x0000000080000000, 0x0000000100000000)
  region size 1024K, 115 young (117760K), 8 survivors (8192K)
 Metaspace       used 37083K, committed 38400K, reserved 1114112K
  class space    used 5178K, committed 5824K, reserved 1048576K
GC Heap History (20 events):
Event: 5.027 GC heap before
{Heap before GC invocations=10 (full 0):
 garbage-first heap   total 181248K, used 149534K [0x0000000080000000, 0x0000000100000000)
  region size 1024K, 81 young (82944K), 4 survivors (4096K)
 Metaspace       used 37050K, committed 38336K, reserved 1114112K
  class space    used 5176K, committed 5824K, reserved 1048576K
}
Event: 5.030 GC heap after
{Heap after GC invocations=11 (full 0):
 garbage-first heap   total 218112K, used 71555K [0x0000000080000000, 0x0000000100000000)
  region size 1024K, 5 young (5120K), 5 survivors (5120K)
 Metaspace       used 37050K, committed 38336K, reserved 1114112K
  class space    used 5176K, committed 5824K, reserved 1048576K
}
Event: 5.202 GC heap before
{Heap before GC invocations=11 (full 0):
 garbage-first heap   total 218112K, used 181123K [0x0000000080000000, 0x0000000100000000)
  region size 1024K, 112 young (114688K), 5 survivors (5120K)
 Metaspace       used 37059K, committed 38336K, reserved 1114112K
  class space    used 5177K, committed 5824K, reserved 1048576K
}
Event: 5.205 GC heap after
{Heap after GC invocations=12 (full 0):
 garbage-first heap   total 218112K, used 72181K [0x0000000080000000, 0x0000000100000000)
  region size 1024K, 6 young (6144K), 6 survivors (6144K)
 Metaspace       used 37059K, committed 38336K, reserved 1114112K
  class space    used 5177K, committed 5824K, reserved 1048576K
}
Event: 5.358 GC heap before
{Heap before GC invocations=12 (full 0):
 garbage-first heap   total 218112K, used 182773K [0x0000000080000000, 0x0000000100000000)
  region size 1024K, 114 young (116736K), 6 survivors (6144K)
 Metaspace       used 37060K, committed 38336K, reserved 1114112K
  class space    used 5177K, committed 5824K, reserved 1048576K
}
Event: 5.361 GC heap after
{Heap after GC invocations=13 (full 0):
 garbage-first heap   total 218112K, used 72943K [0x0000000080000000, 0x0000000100000000)
  region size 1024K, 6 young (6144K), 6 survivors (6144K)
 Metaspace       used 37060K, committed 38336K, reserved 1114112K
  class space    used 5177K, committed 5824K, reserved 1048576K
}
Event: 5.576 GC heap before
{Heap before GC invocations=13 (full 0):
 garbage-first heap   total 218112K, used 187631K [0x0000000080000000, 0x0000000100000000)
  region size 1024K, 116 young (118784K), 6 survivors (6144K)
 Metaspace       used 37064K, committed 38336K, reserved 1114112K
  class space    used 5177K, committed 5824K, reserved 1048576K
}
Event: 5.584 GC heap after
{Heap after GC invocations=14 (full 0):
 garbage-first heap   total 218112K, used 78384K [0x0000000080000000, 0x0000000100000000)
  region size 1024K, 12 young (12288K), 12 survivors (12288K)
 Metaspace       used 37064K, committed 38336K, reserved 1114112K
  class space    used 5177K, committed 5824K, reserved 1048576K
}
Event: 5.745 GC heap before
{Heap before GC invocations=14 (full 0):
 garbage-first heap   total 218112K, used 181808K [0x0000000080000000, 0x0000000100000000)
  region size 1024K, 113 young (115712K), 12 survivors (12288K)
 Metaspace       used 37069K, committed 38336K, reserved 1114112K
  class space    used 5177K, committed 5824K, reserved 1048576K
}
Event: 5.754 GC heap after
{Heap after GC invocations=15 (full 0):
 garbage-first heap   total 218112K, used 82406K [0x0000000080000000, 0x0000000100000000)
  region size 1024K, 12 young (12288K), 12 survivors (12288K)
 Metaspace       used 37069K, committed 38336K, reserved 1114112K
  class space    used 5177K, committed 5824K, reserved 1048576K
}
Event: 5.888 GC heap before
{Heap before GC invocations=15 (full 0):
 garbage-first heap   total 218112K, used 181734K [0x0000000080000000, 0x0000000100000000)
  region size 1024K, 109 young (111616K), 12 survivors (12288K)
 Metaspace       used 37069K, committed 38336K, reserved 1114112K
  class space    used 5177K, committed 5824K, reserved 1048576K
}
Event: 5.895 GC heap after
{Heap after GC invocations=16 (full 0):
 garbage-first heap   total 264192K, used 83552K [0x0000000080000000, 0x0000000100000000)
  region size 1024K, 6 young (6144K), 6 survivors (6144K)
 Metaspace       used 37069K, committed 38336K, reserved 1114112K
  class space    used 5177K, committed 5824K, reserved 1048576K
}
Event: 6.083 GC heap before
{Heap before GC invocations=16 (full 0):
 garbage-first heap   total 264192K, used 221792K [0x0000000080000000, 0x0000000100000000)
  region size 1024K, 141 young (144384K), 6 survivors (6144K)
 Metaspace       used 37072K, committed 38336K, reserved 1114112K
  class space    used 5177K, committed 5824K, reserved 1048576K
}
Event: 6.088 GC heap after
{Heap after GC invocations=17 (full 0):
 garbage-first heap   total 264192K, used 83975K [0x0000000080000000, 0x0000000100000000)
  region size 1024K, 6 young (6144K), 6 survivors (6144K)
 Metaspace       used 37072K, committed 38336K, reserved 1114112K
  class space    used 5177K, committed 5824K, reserved 1048576K
}
Event: 6.264 GC heap before
{Heap before GC invocations=17 (full 0):
 garbage-first heap   total 264192K, used 225287K [0x0000000080000000, 0x0000000100000000)
  region size 1024K, 144 young (147456K), 6 survivors (6144K)
 Metaspace       used 37072K, committed 38336K, reserved 1114112K
  class space    used 5177K, committed 5824K, reserved 1048576K
}
Event: 6.269 GC heap after
{Heap after GC invocations=18 (full 0):
 garbage-first heap   total 264192K, used 85109K [0x0000000080000000, 0x0000000100000000)
  region size 1024K, 8 young (8192K), 8 survivors (8192K)
 Metaspace       used 37072K, committed 38336K, reserved 1114112K
  class space    used 5177K, committed 5824K, reserved 1048576K
}
Event: 6.447 GC heap before
{Heap before GC invocations=18 (full 0):
 garbage-first heap   total 264192K, used 226421K [0x0000000080000000, 0x0000000100000000)
  region size 1024K, 146 young (149504K), 8 survivors (8192K)
 Metaspace       used 37072K, committed 38336K, reserved 1114112K
  class space    used 5177K, committed 5824K, reserved 1048576K
}
Event: 6.452 GC heap after
{Heap after GC invocations=19 (full 0):
 garbage-first heap   total 264192K, used 86268K [0x0000000080000000, 0x0000000100000000)
  region size 1024K, 9 young (9216K), 9 survivors (9216K)
 Metaspace       used 37072K, committed 38336K, reserved 1114112K
  class space    used 5177K, committed 5824K, reserved 1048576K
}
Event: 6.700 GC heap before
{Heap before GC invocations=19 (full 0):
 garbage-first heap   total 264192K, used 228604K [0x0000000080000000, 0x0000000100000000)
  region size 1024K, 146 young (149504K), 9 survivors (9216K)
 Metaspace       used 37083K, committed 38400K, reserved 1114112K
  class space    used 5178K, committed 5824K, reserved 1048576K
}
Event: 6.705 GC heap after
{Heap after GC invocations=20 (full 0):
 garbage-first heap   total 317440K, used 83386K [0x0000000080000000, 0x0000000100000000)
  region size 1024K, 8 young (8192K), 8 survivors (8192K)
 Metaspace       used 37083K, committed 38400K, reserved 1114112K
  class space    used 5178K, committed 5824K, reserved 1048576K
}

