# JRE version: Java(TM) SE Runtime Environment (18.0.2+9) (build 18.0.2+9-61)
# Java VM: Java HotSpot(TM) 64-Bit Server VM (18.0.2+9-61, mixed mode, sharing, tiered, compressed oops, compressed class ptrs, g1 gc, windows-amd64)
GC Precious Log:
 CardTable entry size: 512
 Card Set container configuration: InlinePtr #cards 4 size 8 Array Of Cards #cards 16 size 48 Howl #buckets 8 coarsen threshold 3686 Howl Bitmap #cards 512 size 80 coarsen threshold 460 Card regions per heap region 1 cards per card region 4096
 CPUs: 12 total, 12 available
 Memory: 16234M
 Large Page Support: Disabled
 NUMA Support: Disabled
 Compressed Oops: Enabled (Zero based)
 Heap Region Size: 2M
 Heap Min Capacity: 8M
 Heap Initial Capacity: 254M
 Heap Max Capacity: 4G
 Pre-touch: Disabled
 Parallel Workers: 10
 Concurrent Workers: 3
 Concurrent Refinement Workers: 10
 Periodic GC: Disabled
Heap:
 garbage-first heap   total 219136K, used 156154K [0x0000000700000000, 0x0000000800000000)
  region size 2048K, 16 young (32768K), 4 survivors (8192K)
 Metaspace       used 70682K, committed 72448K, reserved 1114112K
  class space    used 9570K, committed 10496K, reserved 1048576K
GC Heap History (20 events):
Event: 7.111 GC heap before
{Heap before GC invocations=6 (full 0):
 garbage-first heap   total 198656K, used 65432K [0x0000000700000000, 0x0000000800000000)
  region size 2048K, 2 young (4096K), 1 survivors (2048K)
 Metaspace       used 35028K, committed 36288K, reserved 1114112K
  class space    used 4903K, committed 5568K, reserved 1048576K
}
Event: 7.112 GC heap after
{Heap after GC invocations=7 (full 0):
 garbage-first heap   total 198656K, used 64292K [0x0000000700000000, 0x0000000800000000)
  region size 2048K, 1 young (2048K), 1 survivors (2048K)
 Metaspace       used 35028K, committed 36288K, reserved 1114112K
  class space    used 4903K, committed 5568K, reserved 1048576K
}
Event: 9.158 GC heap before
{Heap before GC invocations=8 (full 0):
 garbage-first heap   total 198656K, used 174884K [0x0000000700000000, 0x0000000800000000)
  region size 2048K, 42 young (86016K), 1 survivors (2048K)
 Metaspace       used 42518K, committed 43968K, reserved 1114112K
  class space    used 5964K, committed 6720K, reserved 1048576K
}
Event: 9.164 GC heap after
{Heap after GC invocations=9 (full 0):
 garbage-first heap   total 198656K, used 102672K [0x0000000700000000, 0x0000000800000000)
  region size 2048K, 5 young (10240K), 5 survivors (10240K)
 Metaspace       used 42518K, committed 43968K, reserved 1114112K
  class space    used 5964K, committed 6720K, reserved 1048576K
}
Event: 9.208 GC heap before
{Heap before GC invocations=9 (full 0):
 garbage-first heap   total 198656K, used 104720K [0x0000000700000000, 0x0000000800000000)
  region size 2048K, 6 young (12288K), 5 survivors (10240K)
 Metaspace       used 42761K, committed 44352K, reserved 1114112K
  class space    used 6002K, committed 6784K, reserved 1048576K
}
Event: 9.215 GC heap after
{Heap after GC invocations=10 (full 0):
 garbage-first heap   total 198656K, used 103504K [0x0000000700000000, 0x0000000800000000)
  region size 2048K, 1 young (2048K), 1 survivors (2048K)
 Metaspace       used 42761K, committed 44352K, reserved 1114112K
  class space    used 6002K, committed 6784K, reserved 1048576K
}
Event: 10.284 GC heap before
{Heap before GC invocations=10 (full 0):
 garbage-first heap   total 198656K, used 156752K [0x0000000700000000, 0x0000000800000000)
  region size 2048K, 28 young (57344K), 1 survivors (2048K)
 Metaspace       used 45652K, committed 47232K, reserved 1114112K
  class space    used 6401K, committed 7232K, reserved 1048576K
}
Event: 10.286 GC heap after
{Heap after GC invocations=11 (full 0):
 garbage-first heap   total 198656K, used 105273K [0x0000000700000000, 0x0000000800000000)
  region size 2048K, 2 young (4096K), 2 survivors (4096K)
 Metaspace       used 45652K, committed 47232K, reserved 1114112K
  class space    used 6401K, committed 7232K, reserved 1048576K
}
Event: 11.745 GC heap before
{Heap before GC invocations=12 (full 0):
 garbage-first heap   total 198656K, used 164665K [0x0000000700000000, 0x0000000800000000)
  region size 2048K, 29 young (59392K), 2 survivors (4096K)
 Metaspace       used 50488K, committed 52160K, reserved 1114112K
  class space    used 6993K, committed 7872K, reserved 1048576K
}
Event: 11.750 GC heap after
{Heap after GC invocations=13 (full 0):
 garbage-first heap   total 198656K, used 119922K [0x0000000700000000, 0x0000000800000000)
  region size 2048K, 4 young (8192K), 4 survivors (8192K)
 Metaspace       used 50488K, committed 52160K, reserved 1114112K
  class space    used 6993K, committed 7872K, reserved 1048576K
}
Event: 11.897 GC heap before
{Heap before GC invocations=13 (full 0):
 garbage-first heap   total 198656K, used 121970K [0x0000000700000000, 0x0000000800000000)
  region size 2048K, 5 young (10240K), 4 survivors (8192K)
 Metaspace       used 50794K, committed 52480K, reserved 1114112K
  class space    used 7037K, committed 7936K, reserved 1048576K
}
Event: 11.902 GC heap after
{Heap after GC invocations=14 (full 0):
 garbage-first heap   total 198656K, used 121040K [0x0000000700000000, 0x0000000800000000)
  region size 2048K, 1 young (2048K), 1 survivors (2048K)
 Metaspace       used 50794K, committed 52480K, reserved 1114112K
  class space    used 7037K, committed 7936K, reserved 1048576K
}
Event: 13.350 GC heap before
{Heap before GC invocations=14 (full 0):
 garbage-first heap   total 198656K, used 157904K [0x0000000700000000, 0x0000000800000000)
  region size 2048K, 20 young (40960K), 1 survivors (2048K)
 Metaspace       used 56743K, committed 58432K, reserved 1114112K
  class space    used 7767K, committed 8640K, reserved 1048576K
}
Event: 13.354 GC heap after
{Heap after GC invocations=15 (full 0):
 garbage-first heap   total 198656K, used 126475K [0x0000000700000000, 0x0000000800000000)
  region size 2048K, 3 young (6144K), 3 survivors (6144K)
 Metaspace       used 56743K, committed 58432K, reserved 1114112K
  class space    used 7767K, committed 8640K, reserved 1048576K
}
Event: 14.082 GC heap before
{Heap before GC invocations=16 (full 0):
 garbage-first heap   total 219136K, used 157195K [0x0000000700000000, 0x0000000800000000)
  region size 2048K, 19 young (38912K), 3 survivors (6144K)
 Metaspace       used 58987K, committed 60736K, reserved 1114112K
  class space    used 8058K, committed 8960K, reserved 1048576K
}
Event: 14.086 GC heap after
{Heap after GC invocations=17 (full 0):
 garbage-first heap   total 219136K, used 126842K [0x0000000700000000, 0x0000000800000000)
  region size 2048K, 2 young (4096K), 2 survivors (4096K)
 Metaspace       used 58987K, committed 60736K, reserved 1114112K
  class space    used 8058K, committed 8960K, reserved 1048576K
}
Event: 15.212 GC heap before
{Heap before GC invocations=17 (full 0):
 garbage-first heap   total 219136K, used 173946K [0x0000000700000000, 0x0000000800000000)
  region size 2048K, 26 young (53248K), 2 survivors (4096K)
 Metaspace       used 63894K, committed 65600K, reserved 1114112K
  class space    used 8653K, committed 9536K, reserved 1048576K
}
Event: 15.216 GC heap after
{Heap after GC invocations=18 (full 0):
 garbage-first heap   total 219136K, used 129637K [0x0000000700000000, 0x0000000800000000)
  region size 2048K, 3 young (6144K), 3 survivors (6144K)
 Metaspace       used 63894K, committed 65600K, reserved 1114112K
  class space    used 8653K, committed 9536K, reserved 1048576K
}
Event: 16.396 GC heap before
{Heap before GC invocations=18 (full 0):
 garbage-first heap   total 219136K, used 178789K [0x0000000700000000, 0x0000000800000000)
  region size 2048K, 27 young (55296K), 3 survivors (6144K)
 Metaspace       used 67914K, committed 69696K, reserved 1114112K
  class space    used 9161K, committed 10048K, reserved 1048576K
}
Event: 16.402 GC heap after
{Heap after GC invocations=19 (full 0):
 garbage-first heap   total 219136K, used 133626K [0x0000000700000000, 0x0000000800000000)
  region size 2048K, 4 young (8192K), 4 survivors (8192K)
 Metaspace       used 67914K, committed 69696K, reserved 1114112K
  class space    used 9161K, committed 10048K, reserved 1048576K
}

