# JRE version: Java(TM) SE Runtime Environment (18.0.2+9) (build 18.0.2+9-61)
# Java VM: Java HotSpot(TM) 64-Bit Server VM (18.0.2+9-61, mixed mode, sharing, tiered, compressed oops, compressed class ptrs, g1 gc, windows-amd64)
GC Precious Log:
 CardTable entry size: 512
 Card Set container configuration: InlinePtr #cards 4 size 8 Array Of Cards #cards 16 size 48 Howl #buckets 8 coarsen threshold 3686 Howl Bitmap #cards 512 size 80 coarsen threshold 460 Card regions per heap region 1 cards per card region 4096
 CPUs: 12 total, 12 available
 Memory: 16234M
 Large Page Support: Disabled
 NUMA Support: Disabled
 Compressed Oops: Enabled (Zero based)
 Heap Region Size: 2M
 Heap Min Capacity: 8M
 Heap Initial Capacity: 254M
 Heap Max Capacity: 4G
 Pre-touch: Disabled
 Parallel Workers: 10
 Concurrent Workers: 3
 Concurrent Refinement Workers: 10
 Periodic GC: Disabled
Heap:
 garbage-first heap   total 260096K, used 96251K [0x0000000700000000, 0x0000000800000000)
  region size 2048K, 5 young (10240K), 5 survivors (10240K)
 Metaspace       used 40991K, committed 42496K, reserved 1114112K
  class space    used 5707K, committed 6464K, reserved 1048576K
GC Heap History (13 events):
Event: 0.587 GC heap before
{Heap before GC invocations=0 (full 0):
 garbage-first heap   total 260096K, used 30720K [0x0000000700000000, 0x0000000800000000)
  region size 2048K, 11 young (22528K), 0 survivors (0K)
 Metaspace       used 2956K, committed 3136K, reserved 1114112K
  class space    used 374K, committed 448K, reserved 1048576K
}
Event: 0.591 GC heap after
{Heap after GC invocations=1 (full 0):
 garbage-first heap   total 260096K, used 10082K [0x0000000700000000, 0x0000000800000000)
  region size 2048K, 2 young (4096K), 2 survivors (4096K)
 Metaspace       used 2956K, committed 3136K, reserved 1114112K
  class space    used 374K, committed 448K, reserved 1048576K
}
Event: 0.943 GC heap before
{Heap before GC invocations=1 (full 0):
 garbage-first heap   total 260096K, used 32610K [0x0000000700000000, 0x0000000800000000)
  region size 2048K, 14 young (28672K), 2 survivors (4096K)
 Metaspace       used 3897K, committed 4096K, reserved 1114112K
  class space    used 473K, committed 576K, reserved 1048576K
}
Event: 0.949 GC heap after
{Heap after GC invocations=2 (full 0):
 garbage-first heap   total 260096K, used 11891K [0x0000000700000000, 0x0000000800000000)
  region size 2048K, 1 young (2048K), 1 survivors (2048K)
 Metaspace       used 3897K, committed 4096K, reserved 1114112K
  class space    used 473K, committed 576K, reserved 1048576K
}
Event: 3.306 GC heap before
{Heap before GC invocations=2 (full 0):
 garbage-first heap   total 260096K, used 161395K [0x0000000700000000, 0x0000000800000000)
  region size 2048K, 60 young (122880K), 1 survivors (2048K)
 Metaspace       used 20827K, committed 21504K, reserved 1114112K
  class space    used 3107K, committed 3456K, reserved 1048576K
}
Event: 3.316 GC heap after
{Heap after GC invocations=3 (full 0):
 garbage-first heap   total 260096K, used 57112K [0x0000000700000000, 0x0000000800000000)
  region size 2048K, 9 young (18432K), 9 survivors (18432K)
 Metaspace       used 20827K, committed 21504K, reserved 1114112K
  class space    used 3107K, committed 3456K, reserved 1048576K
}
Event: 4.541 GC heap before
{Heap before GC invocations=4 (full 0):
 garbage-first heap   total 204800K, used 155416K [0x0000000700000000, 0x0000000800000000)
  region size 2048K, 58 young (118784K), 9 survivors (18432K)
 Metaspace       used 34752K, committed 35968K, reserved 1114112K
  class space    used 4855K, committed 5504K, reserved 1048576K
}
Event: 4.552 GC heap after
{Heap after GC invocations=5 (full 0):
 garbage-first heap   total 204800K, used 65791K [0x0000000700000000, 0x0000000800000000)
  region size 2048K, 5 young (10240K), 5 survivors (10240K)
 Metaspace       used 34752K, committed 35968K, reserved 1114112K
  class space    used 4855K, committed 5504K, reserved 1048576K
}
Event: 4.565 GC heap before
{Heap before GC invocations=5 (full 0):
 garbage-first heap   total 204800K, used 67839K [0x0000000700000000, 0x0000000800000000)
  region size 2048K, 6 young (12288K), 5 survivors (10240K)
 Metaspace       used 34893K, committed 36160K, reserved 1114112K
  class space    used 4874K, committed 5504K, reserved 1048576K
}
Event: 4.571 GC heap after
{Heap after GC invocations=6 (full 0):
 garbage-first heap   total 204800K, used 66820K [0x0000000700000000, 0x0000000800000000)
  region size 2048K, 1 young (2048K), 1 survivors (2048K)
 Metaspace       used 34893K, committed 36160K, reserved 1114112K
  class space    used 4874K, committed 5504K, reserved 1048576K
}
Event: 4.584 GC heap before
{Heap before GC invocations=6 (full 0):
 garbage-first heap   total 204800K, used 66820K [0x0000000700000000, 0x0000000800000000)
  region size 2048K, 2 young (4096K), 1 survivors (2048K)
 Metaspace       used 35004K, committed 36288K, reserved 1114112K
  class space    used 4899K, committed 5568K, reserved 1048576K
}
Event: 4.585 GC heap after
{Heap after GC invocations=7 (full 0):
 garbage-first heap   total 204800K, used 65705K [0x0000000700000000, 0x0000000800000000)
  region size 2048K, 1 young (2048K), 1 survivors (2048K)
 Metaspace       used 35004K, committed 36288K, reserved 1114112K
  class space    used 4899K, committed 5568K, reserved 1048576K
}
Event: 5.509 GC heap before
{Heap before GC invocations=8 (full 0):
 garbage-first heap   total 204800K, used 155817K [0x0000000700000000, 0x0000000800000000)
  region size 2048K, 36 young (73728K), 1 survivors (2048K)
 Metaspace       used 40991K, committed 42496K, reserved 1114112K
  class space    used 5707K, committed 6464K, reserved 1048576K
}

