# JRE version: Java(TM) SE Runtime Environment (18.0.2+9) (build 18.0.2+9-61)
# Java VM: Java HotSpot(TM) 64-Bit Server VM (18.0.2+9-61, mixed mode, sharing, tiered, compressed oops, compressed class ptrs, g1 gc, windows-amd64)
GC Precious Log:
 CardTable entry size: 512
 Card Set container configuration: InlinePtr #cards 5 size 8 Array Of Cards #cards 12 size 40 Howl #buckets 4 coarsen threshold 1843 Howl Bitmap #cards 512 size 80 coarsen threshold 460 Card regions per heap region 1 cards per card region 2048
 CPUs: 12 total, 12 available
 Memory: 16234M
 Large Page Support: Disabled
 NUMA Support: Disabled
 Compressed Oops: Enabled (32-bit)
 Heap Region Size: 1M
 Heap Min Capacity: 8M
 Heap Initial Capacity: 254M
 Heap Max Capacity: 2G
 Pre-touch: Disabled
 Parallel Workers: 10
 Concurrent Workers: 3
 Concurrent Refinement Workers: 10
 Periodic GC: Disabled
Heap:
 garbage-first heap   total 347136K, used 104155K [0x0000000080000000, 0x0000000100000000)
  region size 1024K, 1 young (1024K), 1 survivors (1024K)
 Metaspace       used 42670K, committed 44032K, reserved 1114112K
  class space    used 5955K, committed 6656K, reserved 1048576K
GC Heap History (20 events):
Event: 9.082 GC heap after
{Heap after GC invocations=32 (full 0):
 garbage-first heap   total 288768K, used 98884K [0x0000000080000000, 0x0000000100000000)
  region size 1024K, 6 young (6144K), 6 survivors (6144K)
 Metaspace       used 42658K, committed 44032K, reserved 1114112K
  class space    used 5953K, committed 6656K, reserved 1048576K
}
Event: 9.231 GC heap before
{Heap before GC invocations=32 (full 0):
 garbage-first heap   total 288768K, used 249412K [0x0000000080000000, 0x0000000100000000)
  region size 1024K, 154 young (157696K), 6 survivors (6144K)
 Metaspace       used 42659K, committed 44032K, reserved 1114112K
  class space    used 5953K, committed 6656K, reserved 1048576K
}
Event: 9.234 GC heap after
{Heap after GC invocations=33 (full 0):
 garbage-first heap   total 288768K, used 98305K [0x0000000080000000, 0x0000000100000000)
  region size 1024K, 6 young (6144K), 6 survivors (6144K)
 Metaspace       used 42659K, committed 44032K, reserved 1114112K
  class space    used 5953K, committed 6656K, reserved 1048576K
}
Event: 9.400 GC heap before
{Heap before GC invocations=33 (full 0):
 garbage-first heap   total 288768K, used 250881K [0x0000000080000000, 0x0000000100000000)
  region size 1024K, 155 young (158720K), 6 survivors (6144K)
 Metaspace       used 42659K, committed 44032K, reserved 1114112K
  class space    used 5953K, committed 6656K, reserved 1048576K
}
Event: 9.403 GC heap after
{Heap after GC invocations=34 (full 0):
 garbage-first heap   total 288768K, used 99482K [0x0000000080000000, 0x0000000100000000)
  region size 1024K, 7 young (7168K), 7 survivors (7168K)
 Metaspace       used 42659K, committed 44032K, reserved 1114112K
  class space    used 5953K, committed 6656K, reserved 1048576K
}
Event: 9.542 GC heap before
{Heap before GC invocations=34 (full 0):
 garbage-first heap   total 288768K, used 250010K [0x0000000080000000, 0x0000000100000000)
  region size 1024K, 154 young (157696K), 7 survivors (7168K)
 Metaspace       used 42661K, committed 44032K, reserved 1114112K
  class space    used 5953K, committed 6656K, reserved 1048576K
}
Event: 9.545 GC heap after
{Heap after GC invocations=35 (full 0):
 garbage-first heap   total 288768K, used 100492K [0x0000000080000000, 0x0000000100000000)
  region size 1024K, 8 young (8192K), 8 survivors (8192K)
 Metaspace       used 42661K, committed 44032K, reserved 1114112K
  class space    used 5953K, committed 6656K, reserved 1048576K
}
Event: 9.704 GC heap before
{Heap before GC invocations=35 (full 0):
 garbage-first heap   total 288768K, used 248972K [0x0000000080000000, 0x0000000100000000)
  region size 1024K, 153 young (156672K), 8 survivors (8192K)
 Metaspace       used 42661K, committed 44032K, reserved 1114112K
  class space    used 5953K, committed 6656K, reserved 1048576K
}
Event: 9.708 GC heap after
{Heap after GC invocations=36 (full 0):
 garbage-first heap   total 288768K, used 101715K [0x0000000080000000, 0x0000000100000000)
  region size 1024K, 9 young (9216K), 9 survivors (9216K)
 Metaspace       used 42661K, committed 44032K, reserved 1114112K
  class space    used 5953K, committed 6656K, reserved 1048576K
}
Event: 9.866 GC heap before
{Heap before GC invocations=36 (full 0):
 garbage-first heap   total 288768K, used 248147K [0x0000000080000000, 0x0000000100000000)
  region size 1024K, 152 young (155648K), 9 survivors (9216K)
 Metaspace       used 42669K, committed 44032K, reserved 1114112K
  class space    used 5955K, committed 6656K, reserved 1048576K
}
Event: 9.870 GC heap after
{Heap after GC invocations=37 (full 0):
 garbage-first heap   total 288768K, used 102706K [0x0000000080000000, 0x0000000100000000)
  region size 1024K, 10 young (10240K), 10 survivors (10240K)
 Metaspace       used 42669K, committed 44032K, reserved 1114112K
  class space    used 5955K, committed 6656K, reserved 1048576K
}
Event: 10.024 GC heap before
{Heap before GC invocations=37 (full 0):
 garbage-first heap   total 288768K, used 247090K [0x0000000080000000, 0x0000000100000000)
  region size 1024K, 151 young (154624K), 10 survivors (10240K)
 Metaspace       used 42670K, committed 44032K, reserved 1114112K
  class space    used 5955K, committed 6656K, reserved 1048576K
}
Event: 11.038 GC heap after
{Heap after GC invocations=38 (full 0):
 garbage-first heap   total 347136K, used 103494K [0x0000000080000000, 0x0000000100000000)
  region size 1024K, 11 young (11264K), 11 survivors (11264K)
 Metaspace       used 42670K, committed 44032K, reserved 1114112K
  class space    used 5955K, committed 6656K, reserved 1048576K
}
Event: 11.044 GC heap before
{Heap before GC invocations=38 (full 0):
 garbage-first heap   total 347136K, used 108614K [0x0000000080000000, 0x0000000100000000)
  region size 1024K, 16 young (16384K), 11 survivors (11264K)
 Metaspace       used 42670K, committed 44032K, reserved 1114112K
  class space    used 5955K, committed 6656K, reserved 1048576K
}
Event: 11.049 GC heap after
{Heap after GC invocations=39 (full 0):
 garbage-first heap   total 347136K, used 104192K [0x0000000080000000, 0x0000000100000000)
  region size 1024K, 2 young (2048K), 2 survivors (2048K)
 Metaspace       used 42670K, committed 44032K, reserved 1114112K
  class space    used 5955K, committed 6656K, reserved 1048576K
}
Event: 11.067 GC heap before
{Heap before GC invocations=39 (full 0):
 garbage-first heap   total 347136K, used 118528K [0x0000000080000000, 0x0000000100000000)
  region size 1024K, 16 young (16384K), 2 survivors (2048K)
 Metaspace       used 42670K, committed 44032K, reserved 1114112K
  class space    used 5955K, committed 6656K, reserved 1048576K
}
Event: 11.068 GC heap after
{Heap after GC invocations=40 (full 0):
 garbage-first heap   total 347136K, used 104240K [0x0000000080000000, 0x0000000100000000)
  region size 1024K, 1 young (1024K), 1 survivors (1024K)
 Metaspace       used 42670K, committed 44032K, reserved 1114112K
  class space    used 5955K, committed 6656K, reserved 1048576K
}
Event: 11.083 GC heap before
{Heap before GC invocations=40 (full 0):
 garbage-first heap   total 347136K, used 119600K [0x0000000080000000, 0x0000000100000000)
  region size 1024K, 16 young (16384K), 1 survivors (1024K)
 Metaspace       used 42670K, committed 44032K, reserved 1114112K
  class space    used 5955K, committed 6656K, reserved 1048576K
}
Event: 11.085 GC heap after
{Heap after GC invocations=41 (full 0):
 garbage-first heap   total 347136K, used 104071K [0x0000000080000000, 0x0000000100000000)
  region size 1024K, 1 young (1024K), 1 survivors (1024K)
 Metaspace       used 42670K, committed 44032K, reserved 1114112K
  class space    used 5955K, committed 6656K, reserved 1048576K
}
Event: 11.100 GC heap before
{Heap before GC invocations=41 (full 0):
 garbage-first heap   total 347136K, used 118407K [0x0000000080000000, 0x0000000100000000)
  region size 1024K, 16 young (16384K), 1 survivors (1024K)
 Metaspace       used 42670K, committed 44032K, reserved 1114112K
  class space    used 5955K, committed 6656K, reserved 1048576K
}

