# JRE version: Java(TM) SE Runtime Environment (18.0.2+9) (build 18.0.2+9-61)
# Java VM: Java HotSpot(TM) 64-Bit Server VM (18.0.2+9-61, mixed mode, sharing, tiered, compressed oops, compressed class ptrs, g1 gc, windows-amd64)
GC Precious Log:
 CardTable entry size: 512
 Card Set container configuration: InlinePtr #cards 4 size 8 Array Of Cards #cards 16 size 48 Howl #buckets 8 coarsen threshold 3686 Howl Bitmap #cards 512 size 80 coarsen threshold 460 Card regions per heap region 1 cards per card region 4096
 CPUs: 12 total, 12 available
 Memory: 16234M
 Large Page Support: Disabled
 NUMA Support: Disabled
 Compressed Oops: Enabled (Zero based)
 Heap Region Size: 2M
 Heap Min Capacity: 8M
 Heap Initial Capacity: 254M
 Heap Max Capacity: 4G
 Pre-touch: Disabled
 Parallel Workers: 10
 Concurrent Workers: 3
 Concurrent Refinement Workers: 10
 Periodic GC: Disabled
Heap:
 garbage-first heap   total 811008K, used 163883K [0x0000000700000000, 0x0000000800000000)
  region size 2048K, 18 young (36864K), 8 survivors (16384K)
 Metaspace       used 75298K, committed 76992K, reserved 1179648K
  class space    used 9731K, committed 10624K, reserved 1048576K
GC Heap History (20 events):
Event: 320.114 GC heap before
{Heap before GC invocations=47 (full 0):
 garbage-first heap   total 583680K, used 472963K [0x0000000700000000, 0x0000000800000000)
  region size 2048K, 171 young (350208K), 9 survivors (18432K)
 Metaspace       used 61738K, committed 63296K, reserved 1114112K
  class space    used 8051K, committed 8832K, reserved 1048576K
}
Event: 320.122 GC heap after
{Heap after GC invocations=48 (full 0):
 garbage-first heap   total 583680K, used 142622K [0x0000000700000000, 0x0000000800000000)
  region size 2048K, 9 young (18432K), 9 survivors (18432K)
 Metaspace       used 61738K, committed 63296K, reserved 1114112K
  class space    used 8051K, committed 8832K, reserved 1048576K
}
Event: 320.280 GC heap before
{Heap before GC invocations=48 (full 0):
 garbage-first heap   total 583680K, used 472350K [0x0000000700000000, 0x0000000800000000)
  region size 2048K, 171 young (350208K), 9 survivors (18432K)
 Metaspace       used 61757K, committed 63296K, reserved 1114112K
  class space    used 8051K, committed 8832K, reserved 1048576K
}
Event: 320.289 GC heap after
{Heap after GC invocations=49 (full 0):
 garbage-first heap   total 583680K, used 143071K [0x0000000700000000, 0x0000000800000000)
  region size 2048K, 10 young (20480K), 10 survivors (20480K)
 Metaspace       used 61757K, committed 63296K, reserved 1114112K
  class space    used 8051K, committed 8832K, reserved 1048576K
}
Event: 320.481 GC heap before
{Heap before GC invocations=49 (full 0):
 garbage-first heap   total 583680K, used 470751K [0x0000000700000000, 0x0000000800000000)
  region size 2048K, 171 young (350208K), 10 survivors (20480K)
 Metaspace       used 61771K, committed 63296K, reserved 1114112K
  class space    used 8051K, committed 8832K, reserved 1048576K
}
Event: 320.490 GC heap after
{Heap after GC invocations=50 (full 0):
 garbage-first heap   total 811008K, used 143935K [0x0000000700000000, 0x0000000800000000)
  region size 2048K, 10 young (20480K), 10 survivors (20480K)
 Metaspace       used 61771K, committed 63296K, reserved 1114112K
  class space    used 8051K, committed 8832K, reserved 1048576K
}
Event: 320.880 GC heap before
{Heap before GC invocations=50 (full 0):
 garbage-first heap   total 811008K, used 612927K [0x0000000700000000, 0x0000000800000000)
  region size 2048K, 237 young (485376K), 10 survivors (20480K)
 Metaspace       used 61772K, committed 63296K, reserved 1114112K
  class space    used 8051K, committed 8832K, reserved 1048576K
}
Event: 320.885 GC heap after
{Heap after GC invocations=51 (full 0):
 garbage-first heap   total 811008K, used 134291K [0x0000000700000000, 0x0000000800000000)
  region size 2048K, 6 young (12288K), 6 survivors (12288K)
 Metaspace       used 61772K, committed 63296K, reserved 1114112K
  class space    used 8051K, committed 8832K, reserved 1048576K
}
Event: 321.647 GC heap before
{Heap before GC invocations=51 (full 0):
 garbage-first heap   total 811008K, used 607379K [0x0000000700000000, 0x0000000800000000)
  region size 2048K, 237 young (485376K), 6 survivors (12288K)
 Metaspace       used 61772K, committed 63296K, reserved 1114112K
  class space    used 8051K, committed 8832K, reserved 1048576K
}
Event: 321.653 GC heap after
{Heap after GC invocations=52 (full 0):
 garbage-first heap   total 811008K, used 132783K [0x0000000700000000, 0x0000000800000000)
  region size 2048K, 6 young (12288K), 6 survivors (12288K)
 Metaspace       used 61772K, committed 63296K, reserved 1114112K
  class space    used 8051K, committed 8832K, reserved 1048576K
}
Event: 322.342 GC heap before
{Heap before GC invocations=52 (full 0):
 garbage-first heap   total 811008K, used 605871K [0x0000000700000000, 0x0000000800000000)
  region size 2048K, 237 young (485376K), 6 survivors (12288K)
 Metaspace       used 61772K, committed 63296K, reserved 1114112K
  class space    used 8051K, committed 8832K, reserved 1048576K
}
Event: 322.348 GC heap after
{Heap after GC invocations=53 (full 0):
 garbage-first heap   total 811008K, used 135518K [0x0000000700000000, 0x0000000800000000)
  region size 2048K, 5 young (10240K), 5 survivors (10240K)
 Metaspace       used 61772K, committed 63296K, reserved 1114112K
  class space    used 8051K, committed 8832K, reserved 1048576K
}
Event: 323.048 GC heap before
{Heap before GC invocations=53 (full 0):
 garbage-first heap   total 811008K, used 610654K [0x0000000700000000, 0x0000000800000000)
  region size 2048K, 237 young (485376K), 5 survivors (10240K)
 Metaspace       used 61777K, committed 63296K, reserved 1114112K
  class space    used 8051K, committed 8832K, reserved 1048576K
}
Event: 323.056 GC heap after
{Heap after GC invocations=54 (full 0):
 garbage-first heap   total 811008K, used 137671K [0x0000000700000000, 0x0000000800000000)
  region size 2048K, 5 young (10240K), 5 survivors (10240K)
 Metaspace       used 61777K, committed 63296K, reserved 1114112K
  class space    used 8051K, committed 8832K, reserved 1048576K
}
Event: 324.714 GC heap before
{Heap before GC invocations=54 (full 0):
 garbage-first heap   total 811008K, used 612807K [0x0000000700000000, 0x0000000800000000)
  region size 2048K, 237 young (485376K), 5 survivors (10240K)
 Metaspace       used 61800K, committed 63296K, reserved 1114112K
  class space    used 8052K, committed 8832K, reserved 1048576K
}
Event: 324.716 GC heap after
{Heap after GC invocations=55 (full 0):
 garbage-first heap   total 811008K, used 125229K [0x0000000700000000, 0x0000000800000000)
  region size 2048K, 1 young (2048K), 1 survivors (2048K)
 Metaspace       used 61800K, committed 63296K, reserved 1114112K
  class space    used 8052K, committed 8832K, reserved 1048576K
}
Event: 325.430 GC heap before
{Heap before GC invocations=55 (full 0):
 garbage-first heap   total 811008K, used 612653K [0x0000000700000000, 0x0000000800000000)
  region size 2048K, 237 young (485376K), 1 survivors (2048K)
 Metaspace       used 61815K, committed 63360K, reserved 1114112K
  class space    used 8052K, committed 8832K, reserved 1048576K
}
Event: 325.433 GC heap after
{Heap after GC invocations=56 (full 0):
 garbage-first heap   total 811008K, used 132165K [0x0000000700000000, 0x0000000800000000)
  region size 2048K, 3 young (6144K), 3 survivors (6144K)
 Metaspace       used 61815K, committed 63360K, reserved 1114112K
  class space    used 8052K, committed 8832K, reserved 1048576K
}
Event: 327.383 GC heap before
{Heap before GC invocations=56 (full 0):
 garbage-first heap   total 811008K, used 615493K [0x0000000700000000, 0x0000000800000000)
  region size 2048K, 237 young (485376K), 3 survivors (6144K)
 Metaspace       used 73830K, committed 75648K, reserved 1179648K
  class space    used 9565K, committed 10496K, reserved 1048576K
}
Event: 327.389 GC heap after
{Heap after GC invocations=57 (full 0):
 garbage-first heap   total 811008K, used 145451K [0x0000000700000000, 0x0000000800000000)
  region size 2048K, 8 young (16384K), 8 survivors (16384K)
 Metaspace       used 73830K, committed 75648K, reserved 1179648K
  class space    used 9565K, committed 10496K, reserved 1048576K
}

